<?xml version="1.0" encoding="UTF-8"?>
<testng-results ignored="0" total="6" passed="6" failed="0" skipped="0">
  <reporter-output>
    <line>
      <![CDATA[Launching the webpagehttps://www.demoblaze.com/]]>
    </line>
    <line>
      <![CDATA[Click the login buttonRemoteWebDriver: firefox on Windows 11 (2ae531ca-4d14-4976-9828-0bb630fb9c9d)]]>
    </line>
    <line>
      <![CDATA[Enter the detailsBy.id: sign-usernametestusr3]]>
    </line>
    <line>
      <![CDATA[Enter the detailsBy.id: sign-passwordpassword1]]>
    </line>
    <line>
      <![CDATA[Click the login buttonRemoteWebDriver: firefox on Windows 11 (2ae531ca-4d14-4976-9828-0bb630fb9c9d)]]>
    </line>
  </reporter-output>
  <suite started-at="2024-06-15T17:21:44 MDT" name="Suite" finished-at="2024-06-15T17:22:40 MDT" duration-ms="55463">
    <groups>
      <group name="cucumber">
        <method signature="AbstractTestNGCucumberTests.runScenario(io.cucumber.testng.PickleWrapper,io.cucumber.testng.FeatureWrapper)[pri:0, instance:runner.HomePageValidation@7f552bd3]" name="runScenario" class="io.cucumber.testng.AbstractTestNGCucumberTests"/>
        <method signature="AbstractTestNGCucumberTests.runScenario(io.cucumber.testng.PickleWrapper,io.cucumber.testng.FeatureWrapper)[pri:0, instance:runner.LoginValidation@149e0f5d]" name="runScenario" class="io.cucumber.testng.AbstractTestNGCucumberTests"/>
        <method signature="AbstractTestNGCucumberTests.runScenario(io.cucumber.testng.PickleWrapper,io.cucumber.testng.FeatureWrapper)[pri:0, instance:runner.SignUpValidation@2f7c2f4f]" name="runScenario" class="io.cucumber.testng.AbstractTestNGCucumberTests"/>
        <method signature="AbstractTestNGCucumberTests.runScenario(io.cucumber.testng.PickleWrapper,io.cucumber.testng.FeatureWrapper)[pri:0, instance:runner.UserNameValidate@1b1473ab]" name="runScenario" class="io.cucumber.testng.AbstractTestNGCucumberTests"/>
      </group> <!-- cucumber -->
    </groups>
    <test started-at="2024-06-15T17:21:44 MDT" name="Test" finished-at="2024-06-15T17:22:40 MDT" duration-ms="55463">
      <class name="runner.HomePageValidation">
        <test-method is-config="true" signature="setUpClass(org.testng.ITestContext)[pri:0, instance:runner.HomePageValidation@7f552bd3]" started-at="2024-06-15T17:21:44 MDT" name="setUpClass" finished-at="2024-06-15T17:21:45 MDT" duration-ms="704" status="PASS">
          <params>
            <param index="0">
              <value>
                <![CDATA[org.testng.TestRunner@6b5ab2f2]]>
              </value>
            </param>
          </params>
          <reporter-output>
          </reporter-output>
        </test-method> <!-- setUpClass -->
        <test-method signature="runScenario(io.cucumber.testng.PickleWrapper,io.cucumber.testng.FeatureWrapper)[pri:0, instance:runner.HomePageValidation@7f552bd3]" started-at="2024-06-15T17:21:45 MDT" name="runScenario" description="Runs Cucumber Scenarios" data-provider="scenarios" finished-at="2024-06-15T17:21:54 MDT" duration-ms="8847" status="PASS">
          <params>
            <param index="0">
              <value>
                <![CDATA["Successfully move to DemoBlaze Home Page"]]>
              </value>
            </param>
            <param index="1">
              <value>
                <![CDATA["Home Page related features"]]>
              </value>
            </param>
          </params>
          <reporter-output>
          </reporter-output>
        </test-method> <!-- runScenario -->
        <test-method is-config="true" signature="tearDownClass()[pri:0, instance:runner.HomePageValidation@7f552bd3]" started-at="2024-06-15T17:21:54 MDT" name="tearDownClass" finished-at="2024-06-15T17:21:54 MDT" duration-ms="75" status="PASS">
          <reporter-output>
          </reporter-output>
        </test-method> <!-- tearDownClass -->
      </class> <!-- runner.HomePageValidation -->
      <class name="runner.LoginValidation">
        <test-method is-config="true" signature="setUpClass(org.testng.ITestContext)[pri:0, instance:runner.LoginValidation@149e0f5d]" started-at="2024-06-15T17:21:54 MDT" name="setUpClass" finished-at="2024-06-15T17:21:54 MDT" duration-ms="16" status="PASS">
          <params>
            <param index="0">
              <value>
                <![CDATA[org.testng.TestRunner@6b5ab2f2]]>
              </value>
            </param>
          </params>
          <reporter-output>
          </reporter-output>
        </test-method> <!-- setUpClass -->
        <test-method signature="runScenario(io.cucumber.testng.PickleWrapper,io.cucumber.testng.FeatureWrapper)[pri:0, instance:runner.LoginValidation@149e0f5d]" started-at="2024-06-15T17:21:54 MDT" name="runScenario" description="Runs Cucumber Scenarios" data-provider="scenarios" finished-at="2024-06-15T17:22:04 MDT" duration-ms="10335" status="PASS">
          <params>
            <param index="0">
              <value>
                <![CDATA["Valid Login Functionality"]]>
              </value>
            </param>
            <param index="1">
              <value>
                <![CDATA["Login functionality related feature"]]>
              </value>
            </param>
          </params>
          <reporter-output>
          </reporter-output>
        </test-method> <!-- runScenario -->
        <test-method signature="runScenario(io.cucumber.testng.PickleWrapper,io.cucumber.testng.FeatureWrapper)[pri:0, instance:runner.LoginValidation@149e0f5d]" started-at="2024-06-15T17:22:04 MDT" name="runScenario" description="Runs Cucumber Scenarios" data-provider="scenarios" finished-at="2024-06-15T17:22:13 MDT" duration-ms="9028" status="PASS">
          <params>
            <param index="0">
              <value>
                <![CDATA["Invalid Login Functionality"]]>
              </value>
            </param>
            <param index="1">
              <value>
                <![CDATA["Login functionality related feature"]]>
              </value>
            </param>
          </params>
          <reporter-output>
          </reporter-output>
        </test-method> <!-- runScenario -->
        <test-method is-config="true" signature="tearDownClass()[pri:0, instance:runner.LoginValidation@149e0f5d]" started-at="2024-06-15T17:22:13 MDT" name="tearDownClass" finished-at="2024-06-15T17:22:13 MDT" duration-ms="16" status="PASS">
          <reporter-output>
          </reporter-output>
        </test-method> <!-- tearDownClass -->
      </class> <!-- runner.LoginValidation -->
      <class name="runner.UserNameValidate">
        <test-method is-config="true" signature="setUpClass(org.testng.ITestContext)[pri:0, instance:runner.UserNameValidate@1b1473ab]" started-at="2024-06-15T17:22:13 MDT" name="setUpClass" finished-at="2024-06-15T17:22:13 MDT" duration-ms="31" status="PASS">
          <params>
            <param index="0">
              <value>
                <![CDATA[org.testng.TestRunner@6b5ab2f2]]>
              </value>
            </param>
          </params>
          <reporter-output>
          </reporter-output>
        </test-method> <!-- setUpClass -->
        <test-method signature="runScenario(io.cucumber.testng.PickleWrapper,io.cucumber.testng.FeatureWrapper)[pri:0, instance:runner.UserNameValidate@1b1473ab]" started-at="2024-06-15T17:22:13 MDT" name="runScenario" description="Runs Cucumber Scenarios" data-provider="scenarios" finished-at="2024-06-15T17:22:21 MDT" duration-ms="7371" status="PASS">
          <params>
            <param index="0">
              <value>
                <![CDATA["To verify that the user enters the valid user name"]]>
              </value>
            </param>
            <param index="1">
              <value>
                <![CDATA["Login functionality realted test cases"]]>
              </value>
            </param>
          </params>
          <reporter-output>
          </reporter-output>
        </test-method> <!-- runScenario -->
        <test-method signature="runScenario(io.cucumber.testng.PickleWrapper,io.cucumber.testng.FeatureWrapper)[pri:0, instance:runner.UserNameValidate@1b1473ab]" started-at="2024-06-15T17:22:21 MDT" name="runScenario" description="Runs Cucumber Scenarios" data-provider="scenarios" finished-at="2024-06-15T17:22:30 MDT" duration-ms="8776" status="PASS">
          <params>
            <param index="0">
              <value>
                <![CDATA["Successful Login to the application"]]>
              </value>
            </param>
            <param index="1">
              <value>
                <![CDATA["Login functionality realted test cases"]]>
              </value>
            </param>
          </params>
          <reporter-output>
          </reporter-output>
        </test-method> <!-- runScenario -->
        <test-method is-config="true" signature="tearDownClass()[pri:0, instance:runner.UserNameValidate@1b1473ab]" started-at="2024-06-15T17:22:30 MDT" name="tearDownClass" finished-at="2024-06-15T17:22:30 MDT" duration-ms="16" status="PASS">
          <reporter-output>
          </reporter-output>
        </test-method> <!-- tearDownClass -->
      </class> <!-- runner.UserNameValidate -->
      <class name="runner.SignUpValidation">
        <test-method is-config="true" signature="setUpClass(org.testng.ITestContext)[pri:0, instance:runner.SignUpValidation@2f7c2f4f]" started-at="2024-06-15T17:22:30 MDT" name="setUpClass" finished-at="2024-06-15T17:22:30 MDT" duration-ms="23" status="PASS">
          <params>
            <param index="0">
              <value>
                <![CDATA[org.testng.TestRunner@6b5ab2f2]]>
              </value>
            </param>
          </params>
          <reporter-output>
          </reporter-output>
        </test-method> <!-- setUpClass -->
        <test-method signature="runScenario(io.cucumber.testng.PickleWrapper,io.cucumber.testng.FeatureWrapper)[pri:0, instance:runner.SignUpValidation@2f7c2f4f]" started-at="2024-06-15T17:22:30 MDT" name="runScenario" description="Runs Cucumber Scenarios" data-provider="scenarios" finished-at="2024-06-15T17:22:40 MDT" duration-ms="10146" status="PASS">
          <params>
            <param index="0">
              <value>
                <![CDATA["Registration functionality"]]>
              </value>
            </param>
            <param index="1">
              <value>
                <![CDATA["Registration related feature"]]>
              </value>
            </param>
          </params>
          <reporter-output>
            <line>
              <![CDATA[Launching the webpagehttps://www.demoblaze.com/]]>
            </line>
            <line>
              <![CDATA[Click the login buttonRemoteWebDriver: firefox on Windows 11 (2ae531ca-4d14-4976-9828-0bb630fb9c9d)]]>
            </line>
            <line>
              <![CDATA[Enter the detailsBy.id: sign-usernametestusr3]]>
            </line>
            <line>
              <![CDATA[Enter the detailsBy.id: sign-passwordpassword1]]>
            </line>
            <line>
              <![CDATA[Click the login buttonRemoteWebDriver: firefox on Windows 11 (2ae531ca-4d14-4976-9828-0bb630fb9c9d)]]>
            </line>
          </reporter-output>
        </test-method> <!-- runScenario -->
        <test-method is-config="true" signature="tearDownClass()[pri:0, instance:runner.SignUpValidation@2f7c2f4f]" started-at="2024-06-15T17:22:40 MDT" name="tearDownClass" finished-at="2024-06-15T17:22:40 MDT" duration-ms="15" status="PASS">
          <reporter-output>
          </reporter-output>
        </test-method> <!-- tearDownClass -->
      </class> <!-- runner.SignUpValidation -->
    </test> <!-- Test -->
  </suite> <!-- Suite -->
</testng-results>
