<?xml version="1.0" encoding="UTF-8"?>
<testsuite xmlns:xsi="http://www.w3.org/2001/XMLSchema-instance" xsi:noNamespaceSchemaLocation="https://maven.apache.org/surefire/maven-surefire-plugin/xsd/surefire-test-report.xsd" name="TestSuite" time="56.222" tests="6" errors="0" skipped="0" failures="0">
  <properties>
[...]
</properties>
  <testcase name="runScenario" classname="runner.HomePageValidation" time="8.845"/>
  <testcase name="runScenario" classname="runner.LoginValidation" time="10.335"/>
  <testcase name="runScenario" classname="runner.LoginValidation" time="9.028"/>
  <testcase name="runScenario" classname="runner.UserNameValidate" time="7.371"/>
  <testcase name="runScenario" classname="runner.UserNameValidate" time="8.776"/>
  <testcase name="runScenario" classname="runner.SignUpValidation" time="10.162"/>
</testsuite>